2018-03-18 19:28:53,260*,*[CRITICAL]:*,*Open main GUI.
2018-03-18 19:28:53,260*,*[INFO]:*,*Open main GUI.
2018-03-18 19:28:53,260*,*[INFO]:*,*Open main GUI.
2018-03-18 19:28:53,260*,*[INFO]:*,*Open main GUI.
2018-03-18 19:28:53,260*,*[ERROR]:*,*Open main GUI.
2018-03-18 19:28:53,260*,*[WARNING]:*,*Open main GUI.
2018-03-18 19:28:53,260*,*[DEBUG]:*,*Open main GUI.
2018-03-18 19:28:53,260*,*[INFO]:*,*Open main GUI.
2018-03-18 19:28:53,260*,*[INFO]:*,*Open main GUI.
2018-03-18 19:28:53,260*,*[NOTSET]:*,*Open main GUI.
2018-03-18 19:28:53,260*,*[INFO]:*,*Open main GUI.
2018-03-18 19:28:53,260*,*[INFO]:*,*Open main GUI.
2018-03-18 19:28:53,260*,*[INFO]:*,*Open main GUI.
2018-03-18 19:28:53,260*,*[INFO]:*,*Open main GUI.
2018-03-18 19:28:53,260*,*[INFO]:*,*Open main GUI.
2018-03-18 19:28:53,260*,*[INFO]:*,*Open main GUI.
2018-03-18 19:28:53,260*,*[INFO]:*,*Open main GUI.
2018-03-18 19:28:53,260*,*[INFO]:*,*Open main GUI.
2018-03-18 19:28:53,260*,*[INFO]:*,*Open main GUI.
2018-03-18 19:28:53,260*,*[INFO]:*,*Open main GUI.
2018-03-18 19:28:53,260*,*[INFO]:*,*Open main GUI.
2018-03-18 19:28:53,260*,*[INFO]:*,*Open main GUI.
2018-03-18 19:28:53,260*,*[INFO]:*,*Open main GUI.
2018-03-18 19:28:53,260*,*[INFO]:*,*Open main GUI.
2018-03-18 19:28:53,260*,*[INFO]:*,*Open main GUI.
2018-03-18 19:28:53,260*,*[INFO]:*,*Open main GUI.
2018-03-18 19:28:53,260*,*[INFO]:*,*Open main GUI.
2018-03-18 19:28:53,260*,*[INFO]:*,*Open main GUI.
2018-03-18 19:28:53,260*,*[INFO]:*,*Open main GUI.
2018-03-18 19:28:53,260*,*[INFO]:*,*Open main GUI.
2018-03-18 19:28:53,260*,*[INFO]:*,*Open main GUI.
2018-03-18 19:28:53,260*,*[INFO]:*,*Open main GUI.
2018-03-18 19:28:53,260*,*[INFO]:*,*Open main GUI.
2018-03-18 19:28:53,260*,*[INFO]:*,*Open main GUI.
2018-03-18 19:28:53,260*,*[INFO]:*,*Open main GUI.
2018-03-18 19:28:53,260*,*[INFO]:*,*Open main GUI.
2018-03-18 19:28:53,260*,*[INFO]:*,*Open main GUI.
2018-03-18 19:28:53,260*,*[INFO]:*,*Open main GUI.
2018-03-18 19:28:53,260*,*[INFO]:*,*Open main GUI.
2018-03-18 19:28:53,260*,*[INFO]:*,*Open main GUI.
2018-03-18 19:28:53,260*,*[INFO]:*,*Open main GUI.
2018-03-18 19:28:53,260*,*[INFO]:*,*Open main GUI.
2018-03-18 19:28:53,260*,*[INFO]:*,*Open main GUI.
2018-03-18 19:28:53,260*,*[INFO]:*,*Open main GUI.
2018-03-18 19:28:53,260*,*[INFO]:*,*Open main GUI.
2018-03-18 19:28:53,260*,*[INFO]:*,*Open main GUI.
2018-03-18 19:28:53,260*,*[INFO]:*,*Open main GUI.